<?xml version="1.0" encoding="UTF-8"?>
<testng-results ignored="0" total="1" passed="1" failed="0" skipped="0">
  <reporter-output>
  </reporter-output>
  <suite started-at="2023-12-15T14:36:27 IST" name="Default suite" finished-at="2023-12-15T14:36:33 IST" duration-ms="5721">
    <groups>
    </groups>
    <test started-at="2023-12-15T14:36:27 IST" name="Default test" finished-at="2023-12-15T14:36:33 IST" duration-ms="5721">
      <class name="restassuredscripts.Script5PayloadXml">
        <test-method signature="payloadXML()[pri:0, instance:restassuredscripts.Script5PayloadXml@6973b51b]" started-at="2023-12-15T14:36:27 IST" name="payloadXML" finished-at="2023-12-15T14:36:33 IST" duration-ms="5611" status="PASS">
          <reporter-output>
          </reporter-output>
        </test-method> <!-- payloadXML -->
      </class> <!-- restassuredscripts.Script5PayloadXml -->
    </test> <!-- Default test -->
  </suite> <!-- Default suite -->
</testng-results>
